<?xml version="1.0" encoding="UTF-8"?>
<testng-results ignored="0" total="2" passed="2" failed="0" skipped="0">
  <reporter-output>
  </reporter-output>
  <suite started-at="2026-04-05T20:35:00 EDT" name="Suite" finished-at="2026-04-05T20:35:25 EDT" duration-ms="25224">
    <groups>
      <group name="cucumber">
        <method signature="AbstractTestNGCucumberTests.runScenario(io.cucumber.testng.PickleWrapper,io.cucumber.testng.FeatureWrapper)[pri:0, instance:cucumber.CucumberRunner@7dc0f706]" name="runScenario" class="io.cucumber.testng.AbstractTestNGCucumberTests"/>
      </group> <!-- cucumber -->
    </groups>
    <test started-at="2026-04-05T20:35:00 EDT" name="Test" finished-at="2026-04-05T20:35:25 EDT" duration-ms="25224">
      <class name="cucumber.CucumberRunner">
        <test-method is-config="true" signature="setUpClass(org.testng.ITestContext)[pri:0, instance:cucumber.CucumberRunner@7dc0f706]" started-at="2026-04-05T20:35:00 EDT" name="setUpClass" finished-at="2026-04-05T20:35:01 EDT" duration-ms="1263" status="PASS">
          <params>
            <param index="0">
              <value>
                <![CDATA[org.testng.TestRunner@30b975ad]]>
              </value>
            </param>
          </params>
          <reporter-output>
          </reporter-output>
        </test-method> <!-- setUpClass -->
        <test-method signature="runScenario(io.cucumber.testng.PickleWrapper,io.cucumber.testng.FeatureWrapper)[pri:0, instance:cucumber.CucumberRunner@7dc0f706]" started-at="2026-04-05T20:35:01 EDT" name="runScenario" description="Runs Cucumber Scenarios" data-provider="scenarios" finished-at="2026-04-05T20:35:18 EDT" duration-ms="16848" status="PASS">
          <params>
            <param index="0">
              <value>
                <![CDATA["Sign up on Github"]]>
              </value>
            </param>
            <param index="1">
              <value>
                <![CDATA["Samplee Test"]]>
              </value>
            </param>
          </params>
          <reporter-output>
          </reporter-output>
        </test-method> <!-- runScenario -->
        <test-method signature="runScenario(io.cucumber.testng.PickleWrapper,io.cucumber.testng.FeatureWrapper)[pri:0, instance:cucumber.CucumberRunner@7dc0f706]" started-at="2026-04-05T20:35:18 EDT" name="runScenario" description="Runs Cucumber Scenarios" data-provider="scenarios" finished-at="2026-04-05T20:35:25 EDT" duration-ms="6983" status="PASS">
          <params>
            <param index="0">
              <value>
                <![CDATA["Sign up on Github"]]>
              </value>
            </param>
            <param index="1">
              <value>
                <![CDATA["Samplee Test"]]>
              </value>
            </param>
          </params>
          <reporter-output>
          </reporter-output>
        </test-method> <!-- runScenario -->
        <test-method is-config="true" signature="tearDownClass()[pri:0, instance:cucumber.CucumberRunner@7dc0f706]" started-at="2026-04-05T20:35:25 EDT" name="tearDownClass" finished-at="2026-04-05T20:35:25 EDT" duration-ms="40" status="PASS">
          <reporter-output>
          </reporter-output>
        </test-method> <!-- tearDownClass -->
      </class> <!-- cucumber.CucumberRunner -->
    </test> <!-- Test -->
  </suite> <!-- Suite -->
</testng-results>
