<?xml version="1.0" encoding="UTF-8"?>
<!-- Generated by org.testng.reporters.JUnitReportReporter -->
<testsuite hostname="CatherineAbello" failures="0" tests="4" name="testing.Tests" time="29.006" errors="0" timestamp="2026-04-04T23:18:07 EDT" skipped="0">
  <testcase classname="testing.Tests" name="test2" time="8.334"/>
  <testcase classname="testing.Tests" name="test2" time="6.503"/>
  <testcase classname="testing.Tests" name="test1" time="7.376"/>
  <testcase classname="testing.Tests" name="test1" time="6.793"/>
</testsuite> <!-- testing.Tests -->
